<?xml version="1.0" encoding="UTF-8"?>
<!-- Generated by org.testng.reporters.JUnitXMLReporter -->
<testsuite hostname="DESKTOP-M42G5V1" ignored="0" name="Default test" tests="3" failures="0" timestamp="25 Sep 2022 06:31:22 GMT" time="0.243" errors="0">
  <testcase name="f" time="0.029" classname="execuationpack.OrderofAnnotations"/>
  <testcase name="h" time="0.005" classname="execuationpack.OrderofAnnotations"/>
  <testcase name="g" time="0.009" classname="execuationpack.OrderofAnnotations"/>
</testsuite> <!-- Default test -->
