<?xml version="1.0" encoding="UTF-8"?>
<!-- Generated by org.testng.reporters.JUnitXMLReporter -->
<testsuite hostname="DESKTOP-M42G5V1" ignored="0" name="Test" tests="15" failures="0" timestamp="11 Sep 2022 08:22:38 GMT" time="0.535" errors="0">
  <testcase name="firstGear" time="0.075" classname="execuationpack.SkipTestCase"/>
  <testcase name="onMusic" time="0.014" classname="execuationpack.SkipTestCase"/>
  <testcase name="secondGear" time="0.004" classname="execuationpack.SkipTestCase"/>
  <testcase name="startthecar" time="0.017" classname="execuationpack.SkipTestCase"/>
  <testcase name="thirdGear" time="0.009" classname="execuationpack.SkipTestCase"/>
  <testcase name="apple" time="0.014" classname="execuationpack.TestSample2"/>
  <testcase name="samsung" time="0.014" classname="execuationpack.TestSample2"/>
  <testcase name="vivo" time="0.008" classname="execuationpack.TestSample2"/>
  <testcase name="firstGear" time="0.002" classname="execuationpack.Setpriority"/>
  <testcase name="secondGear" time="0.005" classname="execuationpack.Setpriority"/>
  <testcase name="startthecar" time="0.025" classname="execuationpack.Setpriority"/>
  <testcase name="thirdGear" time="0.004" classname="execuationpack.Setpriority"/>
  <testcase name="highSchool" time="0.008" classname="execuationpack.DependencisManagement"/>
  <testcase name="higherSecondary" time="0.003" classname="execuationpack.DependencisManagement"/>
  <testcase name="engineering" time="0.005" classname="execuationpack.DependencisManagement"/>
</testsuite> <!-- Test -->
