<?xml version="1.0" encoding="UTF-8"?>
<!-- Generated by org.testng.reporters.JUnitXMLReporter -->
<testsuite hostname="DESKTOP-M42G5V1" ignored="0" name="Test" tests="10" failures="2" timestamp="11 Sep 2022 07:19:32 GMT" time="0.832" errors="0">
  <testcase name="firstGear" time="0.094" classname="execuationpack.Setpriority">
    <skipped/>
  </testcase> <!-- firstGear -->
  <testcase name="firstGear" time="0.004" classname="execuationpack.Setpriority">
    <skipped/>
  </testcase> <!-- firstGear -->
  <testcase name="firstGear" time="0.01" classname="execuationpack.Setpriority">
    <skipped/>
  </testcase> <!-- firstGear -->
  <testcase name="firstGear" time="0.027" classname="execuationpack.Setpriority">
    <failure type="java.lang.AssertionError" message="expected [true] but found [false]">
      <![CDATA[java.lang.AssertionError: expected [true] but found [false]
at execuationpack.Setpriority.firstGear(Setpriority.java:22)
... Removed 29 stack frames]]>
    </failure>
  </testcase> <!-- firstGear -->
  <testcase name="secondGear" time="0.007" classname="execuationpack.Setpriority"/>
  <testcase name="startthecar" time="0.007" classname="execuationpack.Setpriority"/>
  <testcase name="thirdGear" time="0.008" classname="execuationpack.Setpriority">
    <skipped/>
  </testcase> <!-- thirdGear -->
  <testcase name="thirdGear" time="0.004" classname="execuationpack.Setpriority">
    <skipped/>
  </testcase> <!-- thirdGear -->
  <testcase name="thirdGear" time="0.058" classname="execuationpack.Setpriority">
    <skipped/>
  </testcase> <!-- thirdGear -->
  <testcase name="thirdGear" time="0.006" classname="execuationpack.Setpriority">
    <failure type="java.lang.AssertionError" message="expected [true] but found [false]">
      <![CDATA[java.lang.AssertionError: expected [true] but found [false]
at execuationpack.Setpriority.thirdGear(Setpriority.java:32)
... Removed 29 stack frames]]>
    </failure>
  </testcase> <!-- thirdGear -->
</testsuite> <!-- Test -->
