<?xml version="1.0" encoding="UTF-8"?>
<!-- Generated by org.testng.reporters.JUnitXMLReporter -->
<testsuite hostname="DESKTOP-M42G5V1" ignored="1" name="Test(failed)" tests="2" failures="0" timestamp="10 Sep 2022 06:52:48 GMT" time="13.773" errors="0">
  <testcase name="flipkart" time="9.094" classname="execuationpack.TestSample1"/>
  <testcase name="openGoogle" time="4.571" classname="execuationpack.TestSample1"/>
  <testcase name="amzone" time="0.0" classname="execuationpack.TestSample1">
    <ignored/>
  </testcase> <!-- amzone -->
</testsuite> <!-- Test(failed) -->
