<?xml version="1.0" encoding="UTF-8"?>
<testng-results skipped="0" failed="0" ignored="0" total="3" passed="3">
  <reporter-output>
  </reporter-output>
  <suite name="Default suite" duration-ms="243" started-at="2022-09-25T06:31:21Z" finished-at="2022-09-25T06:31:21Z">
    <groups>
    </groups>
    <test name="Default test" duration-ms="243" started-at="2022-09-25T06:31:21Z" finished-at="2022-09-25T06:31:21Z">
      <class name="execuationpack.OrderofAnnotations">
        <test-method status="PASS" signature="beforeSuite()[pri:0, instance:execuationpack.OrderofAnnotations@5442a311]" name="beforeSuite" is-config="true" duration-ms="126" started-at="2022-09-25T06:31:21Z" finished-at="2022-09-25T06:31:21Z">
          <reporter-output>
          </reporter-output>
        </test-method> <!-- beforeSuite -->
        <test-method status="PASS" signature="beforeTest()[pri:0, instance:execuationpack.OrderofAnnotations@5442a311]" name="beforeTest" is-config="true" duration-ms="1" started-at="2022-09-25T06:31:21Z" finished-at="2022-09-25T06:31:21Z">
          <reporter-output>
          </reporter-output>
        </test-method> <!-- beforeTest -->
        <test-method status="PASS" signature="beforeClass()[pri:0, instance:execuationpack.OrderofAnnotations@5442a311]" name="beforeClass" is-config="true" duration-ms="4" started-at="2022-09-25T06:31:21Z" finished-at="2022-09-25T06:31:21Z">
          <reporter-output>
          </reporter-output>
        </test-method> <!-- beforeClass -->
        <test-method status="PASS" signature="beforeMethod()[pri:0, instance:execuationpack.OrderofAnnotations@5442a311]" name="beforeMethod" is-config="true" duration-ms="1" started-at="2022-09-25T06:31:21Z" finished-at="2022-09-25T06:31:21Z">
          <reporter-output>
          </reporter-output>
        </test-method> <!-- beforeMethod -->
        <test-method status="PASS" signature="f()[pri:-1, instance:execuationpack.OrderofAnnotations@5442a311]" name="f" duration-ms="29" started-at="2022-09-25T06:31:21Z" finished-at="2022-09-25T06:31:21Z">
          <reporter-output>
          </reporter-output>
        </test-method> <!-- f -->
        <test-method status="PASS" signature="afterMethod()[pri:0, instance:execuationpack.OrderofAnnotations@5442a311]" name="afterMethod" is-config="true" duration-ms="5" started-at="2022-09-25T06:31:21Z" finished-at="2022-09-25T06:31:21Z">
          <reporter-output>
          </reporter-output>
        </test-method> <!-- afterMethod -->
        <test-method status="PASS" signature="beforeMethod()[pri:0, instance:execuationpack.OrderofAnnotations@5442a311]" name="beforeMethod" is-config="true" duration-ms="2" started-at="2022-09-25T06:31:21Z" finished-at="2022-09-25T06:31:21Z">
          <reporter-output>
          </reporter-output>
        </test-method> <!-- beforeMethod -->
        <test-method status="PASS" signature="h()[pri:0, instance:execuationpack.OrderofAnnotations@5442a311]" name="h" duration-ms="5" started-at="2022-09-25T06:31:21Z" finished-at="2022-09-25T06:31:21Z">
          <reporter-output>
          </reporter-output>
        </test-method> <!-- h -->
        <test-method status="PASS" signature="afterMethod()[pri:0, instance:execuationpack.OrderofAnnotations@5442a311]" name="afterMethod" is-config="true" duration-ms="3" started-at="2022-09-25T06:31:21Z" finished-at="2022-09-25T06:31:21Z">
          <reporter-output>
          </reporter-output>
        </test-method> <!-- afterMethod -->
        <test-method status="PASS" signature="beforeMethod()[pri:0, instance:execuationpack.OrderofAnnotations@5442a311]" name="beforeMethod" is-config="true" duration-ms="0" started-at="2022-09-25T06:31:21Z" finished-at="2022-09-25T06:31:21Z">
          <reporter-output>
          </reporter-output>
        </test-method> <!-- beforeMethod -->
        <test-method status="PASS" signature="g()[pri:1, instance:execuationpack.OrderofAnnotations@5442a311]" name="g" duration-ms="9" started-at="2022-09-25T06:31:21Z" finished-at="2022-09-25T06:31:21Z">
          <reporter-output>
          </reporter-output>
        </test-method> <!-- g -->
        <test-method status="PASS" signature="afterMethod()[pri:0, instance:execuationpack.OrderofAnnotations@5442a311]" name="afterMethod" is-config="true" duration-ms="1" started-at="2022-09-25T06:31:21Z" finished-at="2022-09-25T06:31:21Z">
          <reporter-output>
          </reporter-output>
        </test-method> <!-- afterMethod -->
        <test-method status="PASS" signature="afterClass()[pri:0, instance:execuationpack.OrderofAnnotations@5442a311]" name="afterClass" is-config="true" duration-ms="3" started-at="2022-09-25T06:31:21Z" finished-at="2022-09-25T06:31:21Z">
          <reporter-output>
          </reporter-output>
        </test-method> <!-- afterClass -->
        <test-method status="PASS" signature="afterTest()[pri:0, instance:execuationpack.OrderofAnnotations@5442a311]" name="afterTest" is-config="true" duration-ms="1" started-at="2022-09-25T06:31:21Z" finished-at="2022-09-25T06:31:21Z">
          <reporter-output>
          </reporter-output>
        </test-method> <!-- afterTest -->
        <test-method status="PASS" signature="afterSuite()[pri:0, instance:execuationpack.OrderofAnnotations@5442a311]" name="afterSuite" is-config="true" duration-ms="2" started-at="2022-09-25T06:31:22Z" finished-at="2022-09-25T06:31:22Z">
          <reporter-output>
          </reporter-output>
        </test-method> <!-- afterSuite -->
      </class> <!-- execuationpack.OrderofAnnotations -->
    </test> <!-- Default test -->
  </suite> <!-- Default suite -->
</testng-results>
